  Pong.cpp
c:\users\christian v\desktop\pong_new\pong\pong.cpp(48): warning C4244: 'argument': conversion from 'int' to 'float', possible loss of data
c:\users\christian v\desktop\pong_new\pong\pong.cpp(63): warning C4244: 'argument': conversion from 'int' to 'float', possible loss of data
c:\users\christian v\desktop\pong_new\pong\pong.cpp(66): warning C4244: 'argument': conversion from 'int' to 'float', possible loss of data
c:\users\christian v\desktop\pong_new\pong\pong.cpp(69): warning C4244: 'argument': conversion from 'int' to 'float', possible loss of data
c:\users\christian v\desktop\pong_new\pong\pong.cpp(93): warning C4244: 'argument': conversion from 'int' to 'GLfloat', possible loss of data
c:\users\christian v\desktop\pong_new\pong\pong.cpp(94): warning C4244: 'argument': conversion from 'int' to 'GLfloat', possible loss of data
c:\users\christian v\desktop\pong_new\pong\pong.cpp(109): warning C4244: 'argument': conversion from 'int' to 'float', possible loss of data
c:\users\christian v\desktop\pong_new\pong\pong.cpp(113): warning C4305: 'argument': truncation from 'double' to 'float'
c:\users\christian v\desktop\pong_new\pong\pong.cpp(113): warning C4244: 'argument': conversion from 'int' to 'float', possible loss of data
c:\users\christian v\desktop\pong_new\pong\pong.cpp(115): warning C4305: 'argument': truncation from 'double' to 'float'
c:\users\christian v\desktop\pong_new\pong\pong.cpp(115): warning C4244: 'argument': conversion from 'int' to 'float', possible loss of data
c:\users\christian v\desktop\pong_new\pong\pong.cpp(122): warning C4244: 'argument': conversion from 'int' to 'float', possible loss of data
c:\users\christian v\desktop\pong_new\pong\pong.cpp(143): warning C4244: 'argument': conversion from 'int' to 'float', possible loss of data
c:\users\christian v\desktop\pong_new\pong\pong.cpp(151): warning C4244: '=': conversion from 'int' to 'float', possible loss of data
c:\users\christian v\desktop\pong_new\pong\pong.cpp(153): warning C4244: '=': conversion from 'int' to 'float', possible loss of data
c:\users\christian v\desktop\pong_new\pong\pong.cpp(154): warning C4244: '=': conversion from 'int' to 'float', possible loss of data
c:\users\christian v\desktop\pong_new\pong\pong.cpp(158): warning C4244: 'argument': conversion from 'int' to 'float', possible loss of data
c:\users\christian v\desktop\pong_new\pong\pong.cpp(198): warning C4018: '<': signed/unsigned mismatch
c:\users\christian v\desktop\pong_new\pong\pong.cpp(218): warning C4244: '+=': conversion from 'double' to 'int', possible loss of data
c:\users\christian v\desktop\pong_new\pong\pong.cpp(231): warning C4244: '+=': conversion from 'double' to 'int', possible loss of data
c:\users\christian v\desktop\pong_new\pong\pong.cpp(254): warning C4244: 'argument': conversion from 'int' to 'float', possible loss of data
c:\users\christian v\desktop\pong_new\pong\pong.cpp(277): warning C4244: '=': conversion from 'int' to 'float', possible loss of data
c:\users\christian v\desktop\pong_new\pong\pong.cpp(278): warning C4244: '=': conversion from 'int' to 'float', possible loss of data
c:\users\christian v\desktop\pong_new\pong\pong.cpp(306): warning C4244: 'argument': conversion from 'int' to 'float', possible loss of data
c:\users\christian v\desktop\pong_new\pong\pong.cpp(329): warning C4244: '=': conversion from 'int' to 'float', possible loss of data
c:\users\christian v\desktop\pong_new\pong\pong.cpp(330): warning C4244: '=': conversion from 'int' to 'float', possible loss of data
  Pong.vcxproj -> C:\Users\Christian V\Desktop\Pong_NEW\Debug\Pong.exe
  Pong.vcxproj -> C:\Users\Christian V\Desktop\Pong_NEW\Debug\Pong.pdb (Full PDB)
